[2015-10-03 14:13:36] START
[2015-10-03 14:20:49] EDIT Abacate/controllers/default.py: 68
[2015-10-03 14:32:58] EDIT Abacate/controllers/default.py: 0
[2015-10-03 14:56:49] EDIT Abacate/controllers/default.py: 0
[2015-10-03 14:57:08] EDIT Abacate/controllers/default.py: 0
[2015-10-03 14:57:21] EDIT Abacate/controllers/default.py: 0
[2015-10-03 14:57:22] EDIT Abacate/controllers/default.py: 0
[2015-10-03 14:57:50] EDIT Abacate/controllers/default.py: 0
[2015-10-03 20:08:15] EDIT Abacate/controllers/default.py: 0
[2015-10-03 20:16:43] EDIT Abacate/controllers/default.py: 0
[2015-10-03 20:17:05] EDIT Abacate/controllers/default.py: 0
[2015-10-03 20:18:41] EDIT Abacate/controllers/default.py: 0
[2015-10-03 20:19:14] EDIT Abacate/controllers/default.py: 0
[2015-10-03 20:20:32] EDIT Abacate/controllers/default.py: 0
[2015-10-03 20:23:57] EDIT Abacate/controllers/default.py: 0
[2015-10-03 20:24:36] EDIT Abacate/controllers/default.py: 0
[2015-10-03 20:25:33] EDIT Abacate/controllers/default.py: 0
[2015-10-03 20:25:58] EDIT Abacate/controllers/default.py: 0
[2015-10-03 20:26:34] EDIT Abacate/controllers/default.py: 0
[2015-10-03 20:26:55] CREATE default/resultado.html: 0
[2015-10-03 20:27:13] CREATE default/UCCZA.html: 0
[2015-10-03 20:27:29] CREATE default/UCSZA3.html: 0
[2015-10-03 20:27:44] CREATE deault/UCSZA2.html: 0
[2015-10-03 20:27:54] DELETE Abacate/views/deault/UCSZA2.html: -3
[2015-10-03 20:28:06] CREATE default/UCSZA2.html: 0
[2015-10-03 20:28:35] CREATE default/UCNALIC.html: 0
[2015-10-03 20:28:55] CREATE default/UCNAZA.html: 0
[2015-10-03 20:30:54] EDIT Abacate/views/default/UCCZA.html: 0
[2015-10-03 20:31:34] CREATE default/LIC_ZON.html: 0
[2015-10-03 20:32:32] EDIT Abacate/views/default/LIC_ZON.html: 0
[2015-10-03 20:33:29] EDIT Abacate/views/default/UCNALIC.html: 0
[2015-10-03 20:33:58] EDIT Abacate/views/default/UCNAZA.html: 0
[2015-10-03 20:34:14] EDIT Abacate/views/default/UCSZA2.html: 0
[2015-10-03 20:34:29] EDIT Abacate/views/default/UCSZA3.html: 0
[2015-10-03 20:38:22] EDIT Abacate/views/default/resultado.html: 8
[2015-10-03 20:41:59] EDIT Abacate/controllers/default.py: 0
[2015-10-03 20:43:05] EDIT Abacate/controllers/default.py: 0
[2015-10-03 20:43:30] EDIT Abacate/controllers/default.py: 0
[2015-10-03 20:45:50] EDIT Abacate/controllers/default.py: 0
[2015-10-03 20:46:50] EDIT Abacate/views/default/resultado.html: 0
[2015-10-03 20:46:55] EDIT Abacate/views/default/resultado.html: 0
[2015-10-03 20:47:01] EDIT Abacate/views/default/resultado.html: 0
[2015-10-03 20:47:11] EDIT Abacate/views/default/resultado.html: 0
[2015-10-03 20:47:14] EDIT Abacate/views/default/resultado.html: 0
[2015-10-03 20:49:02] EDIT Abacate/views/default/resultado.html: 0
[2015-10-03 20:53:46] EDIT Abacate/models/db.py: 7
[2015-10-03 20:53:48] EDIT Abacate/models/db.py: 0
[2015-10-03 20:58:10] EDIT Abacate/views/default/resultado.html: 0
[2015-10-03 20:58:13] EDIT Abacate/views/default/resultado.html: 0
[2015-10-03 21:03:35] EDIT Abacate/views/default/resultado.html: 0
[2015-10-03 21:04:56] EDIT Abacate/views/default/resultado.html: 0
[2015-10-03 21:06:51] EDIT Abacate/views/default/resultado.html: 0
[2015-10-03 21:06:53] EDIT Abacate/views/default/resultado.html: 0
[2015-10-03 21:07:31] EDIT Abacate/views/default/resultado.html: 0
[2015-10-03 21:09:48] EDIT Abacate/views/default/resultado.html: 0
[2015-10-03 21:09:55] EDIT Abacate/views/default/resultado.html: 0
[2015-10-03 21:12:03] EDIT Abacate/views/default/resultado.html: 0
[2015-10-03 21:12:05] EDIT Abacate/views/default/resultado.html: 0
[2015-10-03 21:13:16] EDIT Abacate/views/default/resultado.html: -1
[2015-10-03 21:13:20] EDIT Abacate/views/default/resultado.html: 0
[2015-10-03 21:15:43] EDIT Abacate/controllers/default.py: 0
[2015-10-03 21:15:47] EDIT Abacate/controllers/default.py: 0
[2015-10-03 21:17:45] EDIT Abacate/views/default/resultado.html: 1
[2015-10-03 21:19:23] EDIT Abacate/views/default/resultado.html: 0
[2015-10-03 21:22:56] EDIT Abacate/controllers/default.py: 0
[2015-10-03 21:23:03] EDIT Abacate/controllers/default.py: 0
[2015-10-03 21:25:03] EDIT Abacate/controllers/default.py: 0
[2015-10-03 21:25:06] EDIT Abacate/controllers/default.py: 0
[2015-10-03 21:25:13] EDIT Abacate/controllers/default.py: 0
[2015-10-03 21:25:15] EDIT Abacate/controllers/default.py: 0
[2015-10-03 21:33:28] EDIT Abacate/controllers/default.py: 0
[2015-10-03 21:35:57] EDIT Abacate/controllers/default.py: 0
[2015-10-03 21:37:23] EDIT Abacate/controllers/default.py: 0
[2015-10-03 21:38:19] EDIT Abacate/controllers/default.py: 0
[2015-10-03 21:40:12] EDIT Abacate/controllers/default.py: 0
[2015-10-03 21:40:15] EDIT Abacate/controllers/default.py: 0
[2015-10-04 10:06:19] EDIT Abacate/controllers/default.py: 0
[2015-10-04 10:07:45] EDIT Abacate/controllers/default.py: 0
[2015-10-04 10:09:17] EDIT Abacate/controllers/default.py: 0
[2015-10-04 10:10:34] EDIT Abacate/views/default/resultado.html: 1
[2015-10-04 10:11:23] EDIT Abacate/views/default/resultado.html: 0
[2015-10-04 10:11:52] EDIT Abacate/views/default/resultado.html: -1
[2015-10-04 11:57:27] EDIT Abacate/controllers/default.py: 0
[2015-10-04 12:04:46] EDIT Abacate/controllers/default.py: 0
[2015-10-04 12:05:19] EDIT Abacate/controllers/default.py: 0
[2015-10-04 12:05:30] EDIT Abacate/controllers/default.py: 0
[2015-10-04 12:05:47] EDIT Abacate/controllers/default.py: 0
[2015-10-04 12:05:55] EDIT Abacate/controllers/default.py: 0
[2015-10-04 12:22:01] EDIT Abacate/views/default/resultado.html: 1
[2015-10-04 12:23:24] EDIT Abacate/views/default/resultado.html: 0
[2015-10-04 12:35:42] EDIT Abacate/controllers/default.py: 10
[2015-10-04 12:38:16] EDIT Abacate/controllers/default.py: -10
[2015-10-04 12:51:31] EDIT Abacate/controllers/default.py: 0
[2015-10-05 06:52:38] EDIT Abacate/controllers/default.py: 0
[2015-10-05 06:52:41] EDIT Abacate/controllers/default.py: 0
[2015-10-06 18:22:48] EDIT Bungo/views/default/resultado.html: 0
[2015-10-06 18:23:53] EDIT Bungo/controllers/default.py: 0
[2015-10-09 21:01:32] EDIT Bungo/views/default/resultado.html: 0
[2015-10-09 21:01:35] EDIT Bungo/views/default/resultado.html: 0
[2015-10-09 21:01:36] EDIT Bungo/views/default/resultado.html: 0
[2015-10-09 21:01:40] EDIT Bungo/views/default/resultado.html: 0
